<?xml version="1.0" encoding="UTF-8"?>
<testng-results ignored="0" total="1" passed="1" failed="0" skipped="0">
  <reporter-output>
  </reporter-output>
  <suite started-at="2024-08-16T19:50:24 IST" name="Default suite" finished-at="2024-08-16T19:50:31 IST" duration-ms="6711">
    <groups>
    </groups>
    <test started-at="2024-08-16T19:50:24 IST" name="Default test" finished-at="2024-08-16T19:50:31 IST" duration-ms="6711">
      <class name="testCases.TC001_AccountRegister">
        <test-method is-config="true" signature="setup()[pri:0, instance:testCases.TC001_AccountRegister@3590fc5b]" started-at="2024-08-16T19:50:24 IST" name="setup" finished-at="2024-08-16T19:50:27 IST" duration-ms="2845" status="PASS">
          <reporter-output>
          </reporter-output>
        </test-method> <!-- setup -->
        <test-method signature="verify_account_registration()[pri:0, instance:testCases.TC001_AccountRegister@3590fc5b]" started-at="2024-08-16T19:50:27 IST" name="verify_account_registration" finished-at="2024-08-16T19:50:30 IST" duration-ms="3612" status="PASS">
          <reporter-output>
          </reporter-output>
        </test-method> <!-- verify_account_registration -->
        <test-method is-config="true" signature="tearDown()[pri:0, instance:testCases.TC001_AccountRegister@3590fc5b]" started-at="2024-08-16T19:50:30 IST" name="tearDown" finished-at="2024-08-16T19:50:31 IST" duration-ms="198" status="PASS">
          <reporter-output>
          </reporter-output>
        </test-method> <!-- tearDown -->
      </class> <!-- testCases.TC001_AccountRegister -->
    </test> <!-- Default test -->
  </suite> <!-- Default suite -->
</testng-results>
